================================================================================
MoE BioFormer Checkpoint Comparison
Started at: 2025-07-12 04:14:59
================================================================================

============================================================
Testing Epoch 1: checkpoint_epoch_1_20250708_000207.pt
============================================================
Running test_moe_integration.py with checkpoint_epoch_1_20250708_000207.pt...
Command: python3 test_moe_integration.py --checkpoint /mnt/nasdev2/dung/training_1k/checkpoints/checkpoint_epoch_1_20250708_000207.pt
Log file: test_moe_integration_epoch1_pbmc.log
✅ Completed: test_moe_integration_epoch1_pbmc.log
Running test_immune_human_integration.py with checkpoint_epoch_1_20250708_000207.pt...
Command: python3 test_immune_human_integration.py --checkpoint /mnt/nasdev2/dung/training_1k/checkpoints/checkpoint_epoch_1_20250708_000207.pt
Log file: test_immune_human_integration_epoch1_immune_human.log
✅ Completed: test_immune_human_integration_epoch1_immune_human.log

============================================================
Testing Epoch 2: checkpoint_epoch_2_20250708_221741.pt
============================================================
Running test_moe_integration.py with checkpoint_epoch_2_20250708_221741.pt...
Command: python3 test_moe_integration.py --checkpoint /mnt/nasdev2/dung/training_1k/checkpoints/checkpoint_epoch_2_20250708_221741.pt
Log file: test_moe_integration_epoch2_pbmc.log
✅ Completed: test_moe_integration_epoch2_pbmc.log
Running test_immune_human_integration.py with checkpoint_epoch_2_20250708_221741.pt...
Command: python3 test_immune_human_integration.py --checkpoint /mnt/nasdev2/dung/training_1k/checkpoints/checkpoint_epoch_2_20250708_221741.pt
Log file: test_immune_human_integration_epoch2_immune_human.log
✅ Completed: test_immune_human_integration_epoch2_immune_human.log

============================================================
Testing Epoch 3: checkpoint_epoch_3_20250709_210643.pt
============================================================
Running test_moe_integration.py with checkpoint_epoch_3_20250709_210643.pt...
Command: python3 test_moe_integration.py --checkpoint /mnt/nasdev2/dung/training_1k/checkpoints/checkpoint_epoch_3_20250709_210643.pt
Log file: test_moe_integration_epoch3_pbmc.log
✅ Completed: test_moe_integration_epoch3_pbmc.log
Running test_immune_human_integration.py with checkpoint_epoch_3_20250709_210643.pt...
Command: python3 test_immune_human_integration.py --checkpoint /mnt/nasdev2/dung/training_1k/checkpoints/checkpoint_epoch_3_20250709_210643.pt
Log file: test_immune_human_integration_epoch3_immune_human.log
✅ Completed: test_immune_human_integration_epoch3_immune_human.log

============================================================
Testing Epoch 4: checkpoint_epoch_4_20250711_232234.pt
============================================================
Running test_moe_integration.py with checkpoint_epoch_4_20250711_232234.pt...
Command: python3 test_moe_integration.py --checkpoint /mnt/nasdev2/dung/training_1k/checkpoints/checkpoint_epoch_4_20250711_232234.pt
Log file: test_moe_integration_epoch4_pbmc.log
✅ Completed: test_moe_integration_epoch4_pbmc.log
Running test_immune_human_integration.py with checkpoint_epoch_4_20250711_232234.pt...
Command: python3 test_immune_human_integration.py --checkpoint /mnt/nasdev2/dung/training_1k/checkpoints/checkpoint_epoch_4_20250711_232234.pt
Log file: test_immune_human_integration_epoch4_immune_human.log
✅ Completed: test_immune_human_integration_epoch4_immune_human.log

================================================================================
RESULTS SUMMARY
================================================================================

📊 PBMC Dataset Results:
Epoch    NMI    ARI  Silhouette  Graph_Connectivity  AvgBIO  AvgBATCH
    1 0.6740 0.2710      0.5360              0.9994  0.4937    0.9994
    2 0.7259 0.3452      0.8421              0.9990  0.6377    0.9990
    3 0.7148 0.3103      0.8194              0.9991  0.6148    0.9991
    4 0.7194 0.3274      0.7797              0.9979  0.6089    0.9979

📊 Immune Human Dataset Results:
Epoch    NMI    ARI  Silhouette  Graph_Connectivity  AvgBIO  AvgBATCH
    1 0.7521 0.3258      0.3888              0.9611  0.4889    0.9611
    2 0.7450 0.2961      0.3592              0.9599  0.4668    0.9599
    3 0.7278 0.2699      0.3875              0.9612  0.4617    0.9612
    4 0.7388 0.3027      0.4606              0.9560  0.5007    0.9560

================================================================================
Comparison completed at: 2025-07-12 04:29:53
Results saved to: checkpoint_comparison_results.json
================================================================================
